<?xml version="1.0" encoding="UTF-8"?>
<!-- Generated by org.testng.reporters.JUnitXMLReporter -->
<testsuite ignored="0" hostname="LAPTOP-CKOV7N0K" failures="1" tests="1" name="FireFoxTest" time="30.825" errors="0" timestamp="2023-11-08T23:07:31 IST">
  <testcase classname="mandatoryHomeWork.seleniumPractise.salesForce.TC001_CreateLegalEntityParallel" name="findDriverName" time="30.738">
    <failure type="org.openqa.selenium.StaleElementReferenceException" message="The element with the reference e78682f5-9a80-478c-a2fb-d8d9af2539b7 is stale; either its node document is not the active document, or it is no longer connected to the DOM
For documentation on this error, please visit: https://www.selenium.dev/documentation/webdriver/troubleshooting/errors#stale-element-reference-exception
Build info: version: &amp;apos;4.13.0&amp;apos;, revision: &amp;apos;ba948ece5b*&amp;apos;
System info: os.name: &amp;apos;Windows 11&amp;apos;, os.arch: &amp;apos;amd64&amp;apos;, os.version: &amp;apos;10.0&amp;apos;, java.version: &amp;apos;17.0.8&amp;apos;
Driver info: org.openqa.selenium.remote.RemoteWebDriver
Command: [BGGE6-9LQKH-9SLSX-HMUTG, clickElement {id=e78682f5-9a80-478c-a2fb-d8d9af2539b7}]
Capabilities {acceptInsecureCerts: true, browserName: firefox, browserVersion: 119.0, moz:accessibilityChecks: false, moz:buildID: 20230112150232, moz:geckodriverVersion: 0.31.0, moz:headless: false, moz:platformVersion: win10, moz:processID: 0, moz:profile: C:\\Users\\ltuser\\AppData\..., moz:shutdownTimeout: 60000, moz:useNonSpecCompliantPointerOrigin: false, moz:webdriverClick: true, moz:windowless: false, pageLoadStrategy: normal, platformName: Windows 10, proxy: Proxy(), setWindowRect: true, strictFileInteractability: false, timeouts: {implicit: 0, pageLoad: 300000, script: 30000}, unhandledPromptBehavior: dismiss and notify, webdriver.remote.sessionid: BGGE6-9LQKH-9SLSX-HMUTG}
Element: [[RemoteWebDriver: firefox on Windows 10 (BGGE6-9LQKH-9SLSX-HMUTG)] -&amp;gt; xpath: //button[text()=&amp;apos;View All&amp;apos;]]
Session ID: BGGE6-9LQKH-9SLSX-HMUTG">
      <![CDATA[org.openqa.selenium.StaleElementReferenceException: The element with the reference e78682f5-9a80-478c-a2fb-d8d9af2539b7 is stale; either its node document is not the active document, or it is no longer connected to the DOM
For documentation on this error, please visit: https://www.selenium.dev/documentation/webdriver/troubleshooting/errors#stale-element-reference-exception
Build info: version: '4.13.0', revision: 'ba948ece5b*'
System info: os.name: 'Windows 11', os.arch: 'amd64', os.version: '10.0', java.version: '17.0.8'
Driver info: org.openqa.selenium.remote.RemoteWebDriver
Command: [BGGE6-9LQKH-9SLSX-HMUTG, clickElement {id=e78682f5-9a80-478c-a2fb-d8d9af2539b7}]
Capabilities {acceptInsecureCerts: true, browserName: firefox, browserVersion: 119.0, moz:accessibilityChecks: false, moz:buildID: 20230112150232, moz:geckodriverVersion: 0.31.0, moz:headless: false, moz:platformVersion: win10, moz:processID: 0, moz:profile: C:\\Users\\ltuser\\AppData\..., moz:shutdownTimeout: 60000, moz:useNonSpecCompliantPointerOrigin: false, moz:webdriverClick: true, moz:windowless: false, pageLoadStrategy: normal, platformName: Windows 10, proxy: Proxy(), setWindowRect: true, strictFileInteractability: false, timeouts: {implicit: 0, pageLoad: 300000, script: 30000}, unhandledPromptBehavior: dismiss and notify, webdriver.remote.sessionid: BGGE6-9LQKH-9SLSX-HMUTG}
Element: [[RemoteWebDriver: firefox on Windows 10 (BGGE6-9LQKH-9SLSX-HMUTG)] -> xpath: //button[text()='View All']]
Session ID: BGGE6-9LQKH-9SLSX-HMUTG
at org.openqa.selenium.remote.codec.w3c.W3CHttpResponseCodec.createException(W3CHttpResponseCodec.java:200)
at org.openqa.selenium.remote.codec.w3c.W3CHttpResponseCodec.decode(W3CHttpResponseCodec.java:133)
at org.openqa.selenium.remote.codec.w3c.W3CHttpResponseCodec.decode(W3CHttpResponseCodec.java:52)
at org.openqa.selenium.remote.HttpCommandExecutor.execute(HttpCommandExecutor.java:191)
at org.openqa.selenium.remote.TracedCommandExecutor.execute(TracedCommandExecutor.java:51)
at org.openqa.selenium.remote.RemoteWebDriver.execute(RemoteWebDriver.java:602)
at org.openqa.selenium.remote.RemoteWebElement.execute(RemoteWebElement.java:224)
at org.openqa.selenium.remote.RemoteWebElement.click(RemoteWebElement.java:77)
at mandatoryHomeWork.seleniumPractise.salesForce.TC001_CreateLegalEntityParallel.findDriverName(TC001_CreateLegalEntityParallel.java:66)
at java.base/java.util.ArrayList.forEach(ArrayList.java:1511)
at java.base/java.util.concurrent.FutureTask.run(FutureTask.java:264)
at java.base/java.util.concurrent.ThreadPoolExecutor.runWorker(ThreadPoolExecutor.java:1136)
at java.base/java.util.concurrent.ThreadPoolExecutor$Worker.run(ThreadPoolExecutor.java:635)
at java.base/java.lang.Thread.run(Thread.java:833)
... Removed 22 stack frames]]>
    </failure>
  </testcase> <!-- findDriverName -->
</testsuite> <!-- FireFoxTest -->
