<?xml version="1.0" encoding="UTF-8"?>
<testng-results ignored="0" total="2" passed="1" failed="1" skipped="0">
  <reporter-output>
  </reporter-output>
  <suite started-at="2023-11-08T23:07:00 IST" name="Suite" finished-at="2023-11-08T23:08:09 IST" duration-ms="68173">
    <groups>
    </groups>
    <test started-at="2023-11-08T23:07:00 IST" name="FireFoxTest" finished-at="2023-11-08T23:07:31 IST" duration-ms="30825">
      <class name="mandatoryHomeWork.seleniumPractise.salesForce.TC001_CreateLegalEntityParallel">
        <test-method signature="findDriverName(java.lang.String,java.lang.String,java.lang.String)[pri:0, instance:mandatoryHomeWork.seleniumPractise.salesForce.TC001_CreateLegalEntityParallel@54d9d12d]" started-at="2023-11-08T23:07:00 IST" name="findDriverName" finished-at="2023-11-08T23:07:31 IST" duration-ms="30738" status="FAIL">
          <params>
            <param index="0">
              <value>
                <![CDATA[FireFox]]>
              </value>
            </param>
            <param index="1">
              <value>
                <![CDATA[119.0]]>
              </value>
            </param>
            <param index="2">
              <value>
                <![CDATA[Windows 10]]>
              </value>
            </param>
          </params>
          <exception class="org.openqa.selenium.StaleElementReferenceException">
            <message>
              <![CDATA[The element with the reference e78682f5-9a80-478c-a2fb-d8d9af2539b7 is stale; either its node document is not the active document, or it is no longer connected to the DOM
For documentation on this error, please visit: https://www.selenium.dev/documentation/webdriver/troubleshooting/errors#stale-element-reference-exception
Build info: version: '4.13.0', revision: 'ba948ece5b*'
System info: os.name: 'Windows 11', os.arch: 'amd64', os.version: '10.0', java.version: '17.0.8'
Driver info: org.openqa.selenium.remote.RemoteWebDriver
Command: [BGGE6-9LQKH-9SLSX-HMUTG, clickElement {id=e78682f5-9a80-478c-a2fb-d8d9af2539b7}]
Capabilities {acceptInsecureCerts: true, browserName: firefox, browserVersion: 119.0, moz:accessibilityChecks: false, moz:buildID: 20230112150232, moz:geckodriverVersion: 0.31.0, moz:headless: false, moz:platformVersion: win10, moz:processID: 0, moz:profile: C:\\Users\\ltuser\\AppData\..., moz:shutdownTimeout: 60000, moz:useNonSpecCompliantPointerOrigin: false, moz:webdriverClick: true, moz:windowless: false, pageLoadStrategy: normal, platformName: Windows 10, proxy: Proxy(), setWindowRect: true, strictFileInteractability: false, timeouts: {implicit: 0, pageLoad: 300000, script: 30000}, unhandledPromptBehavior: dismiss and notify, webdriver.remote.sessionid: BGGE6-9LQKH-9SLSX-HMUTG}
Element: [[RemoteWebDriver: firefox on Windows 10 (BGGE6-9LQKH-9SLSX-HMUTG)] -> xpath: //button[text()='View All']]
Session ID: BGGE6-9LQKH-9SLSX-HMUTG]]>
            </message>
            <full-stacktrace>
              <![CDATA[org.openqa.selenium.StaleElementReferenceException: The element with the reference e78682f5-9a80-478c-a2fb-d8d9af2539b7 is stale; either its node document is not the active document, or it is no longer connected to the DOM
For documentation on this error, please visit: https://www.selenium.dev/documentation/webdriver/troubleshooting/errors#stale-element-reference-exception
Build info: version: '4.13.0', revision: 'ba948ece5b*'
System info: os.name: 'Windows 11', os.arch: 'amd64', os.version: '10.0', java.version: '17.0.8'
Driver info: org.openqa.selenium.remote.RemoteWebDriver
Command: [BGGE6-9LQKH-9SLSX-HMUTG, clickElement {id=e78682f5-9a80-478c-a2fb-d8d9af2539b7}]
Capabilities {acceptInsecureCerts: true, browserName: firefox, browserVersion: 119.0, moz:accessibilityChecks: false, moz:buildID: 20230112150232, moz:geckodriverVersion: 0.31.0, moz:headless: false, moz:platformVersion: win10, moz:processID: 0, moz:profile: C:\\Users\\ltuser\\AppData\..., moz:shutdownTimeout: 60000, moz:useNonSpecCompliantPointerOrigin: false, moz:webdriverClick: true, moz:windowless: false, pageLoadStrategy: normal, platformName: Windows 10, proxy: Proxy(), setWindowRect: true, strictFileInteractability: false, timeouts: {implicit: 0, pageLoad: 300000, script: 30000}, unhandledPromptBehavior: dismiss and notify, webdriver.remote.sessionid: BGGE6-9LQKH-9SLSX-HMUTG}
Element: [[RemoteWebDriver: firefox on Windows 10 (BGGE6-9LQKH-9SLSX-HMUTG)] -> xpath: //button[text()='View All']]
Session ID: BGGE6-9LQKH-9SLSX-HMUTG
at java.base/jdk.internal.reflect.NativeConstructorAccessorImpl.newInstance0(Native Method)
at java.base/jdk.internal.reflect.NativeConstructorAccessorImpl.newInstance(NativeConstructorAccessorImpl.java:77)
at java.base/jdk.internal.reflect.DelegatingConstructorAccessorImpl.newInstance(DelegatingConstructorAccessorImpl.java:45)
at java.base/java.lang.reflect.Constructor.newInstanceWithCaller(Constructor.java:499)
at java.base/java.lang.reflect.Constructor.newInstance(Constructor.java:480)
at org.openqa.selenium.remote.codec.w3c.W3CHttpResponseCodec.createException(W3CHttpResponseCodec.java:200)
at org.openqa.selenium.remote.codec.w3c.W3CHttpResponseCodec.decode(W3CHttpResponseCodec.java:133)
at org.openqa.selenium.remote.codec.w3c.W3CHttpResponseCodec.decode(W3CHttpResponseCodec.java:52)
at org.openqa.selenium.remote.HttpCommandExecutor.execute(HttpCommandExecutor.java:191)
at org.openqa.selenium.remote.TracedCommandExecutor.execute(TracedCommandExecutor.java:51)
at org.openqa.selenium.remote.RemoteWebDriver.execute(RemoteWebDriver.java:602)
at org.openqa.selenium.remote.RemoteWebElement.execute(RemoteWebElement.java:224)
at org.openqa.selenium.remote.RemoteWebElement.click(RemoteWebElement.java:77)
at mandatoryHomeWork.seleniumPractise.salesForce.TC001_CreateLegalEntityParallel.findDriverName(TC001_CreateLegalEntityParallel.java:66)
at java.base/jdk.internal.reflect.NativeMethodAccessorImpl.invoke0(Native Method)
at java.base/jdk.internal.reflect.NativeMethodAccessorImpl.invoke(NativeMethodAccessorImpl.java:77)
at java.base/jdk.internal.reflect.DelegatingMethodAccessorImpl.invoke(DelegatingMethodAccessorImpl.java:43)
at java.base/java.lang.reflect.Method.invoke(Method.java:568)
at org.testng.internal.invokers.MethodInvocationHelper.invokeMethod(MethodInvocationHelper.java:139)
at org.testng.internal.invokers.TestInvoker.invokeMethod(TestInvoker.java:664)
at org.testng.internal.invokers.TestInvoker.invokeTestMethod(TestInvoker.java:227)
at org.testng.internal.invokers.MethodRunner.runInSequence(MethodRunner.java:50)
at org.testng.internal.invokers.TestInvoker$MethodInvocationAgent.invoke(TestInvoker.java:957)
at org.testng.internal.invokers.TestInvoker.invokeTestMethods(TestInvoker.java:200)
at org.testng.internal.invokers.TestMethodWorker.invokeTestMethods(TestMethodWorker.java:148)
at org.testng.internal.invokers.TestMethodWorker.run(TestMethodWorker.java:128)
at java.base/java.util.ArrayList.forEach(ArrayList.java:1511)
at org.testng.TestRunner.privateRun(TestRunner.java:848)
at org.testng.TestRunner.run(TestRunner.java:621)
at org.testng.SuiteRunner.runTest(SuiteRunner.java:443)
at org.testng.SuiteRunner$SuiteWorker.run(SuiteRunner.java:481)
at org.testng.internal.thread.ThreadUtil.lambda$execute$0(ThreadUtil.java:58)
at java.base/java.util.concurrent.FutureTask.run(FutureTask.java:264)
at java.base/java.util.concurrent.ThreadPoolExecutor.runWorker(ThreadPoolExecutor.java:1136)
at java.base/java.util.concurrent.ThreadPoolExecutor$Worker.run(ThreadPoolExecutor.java:635)
at java.base/java.lang.Thread.run(Thread.java:833)
]]>
            </full-stacktrace>
          </exception> <!-- org.openqa.selenium.StaleElementReferenceException -->
          <reporter-output>
          </reporter-output>
        </test-method> <!-- findDriverName -->
      </class> <!-- mandatoryHomeWork.seleniumPractise.salesForce.TC001_CreateLegalEntityParallel -->
    </test> <!-- FireFoxTest -->
    <test started-at="2023-11-08T23:07:00 IST" name="ChromeTest" finished-at="2023-11-08T23:08:09 IST" duration-ms="68173">
      <class name="mandatoryHomeWork.seleniumPractise.salesForce.TC001_CreateLegalEntityParallel">
        <test-method signature="findDriverName(java.lang.String,java.lang.String,java.lang.String)[pri:0, instance:mandatoryHomeWork.seleniumPractise.salesForce.TC001_CreateLegalEntityParallel@f6efaab]" started-at="2023-11-08T23:07:00 IST" name="findDriverName" finished-at="2023-11-08T23:08:09 IST" duration-ms="68086" status="PASS">
          <params>
            <param index="0">
              <value>
                <![CDATA[Chrome]]>
              </value>
            </param>
            <param index="1">
              <value>
                <![CDATA[120.0]]>
              </value>
            </param>
            <param index="2">
              <value>
                <![CDATA[Windows 11]]>
              </value>
            </param>
          </params>
          <reporter-output>
          </reporter-output>
        </test-method> <!-- findDriverName -->
      </class> <!-- mandatoryHomeWork.seleniumPractise.salesForce.TC001_CreateLegalEntityParallel -->
    </test> <!-- ChromeTest -->
  </suite> <!-- Suite -->
</testng-results>
